{"F:\\Work\\string-calculator-tdd\\src\\sum.ts": {"path":"F:\\Work\\string-calculator-tdd\\src\\sum.ts","statementMap":{"0":{"start":{"line":2,"column":4},"end":{"line":2,"column":17}}},"fnMap":{"0":{"name":"sum","decl":{"start":{"line":1,"column":16},"end":{"line":1,"column":19}},"loc":{"start":{"line":1,"column":48},"end":{"line":3,"column":1}},"line":1}},"branchMap":{},"s":{"0":1},"f":{"0":1},"b":{},"_coverageSchema":"1a1c01bbd47fc00a2c39e90264f33305004495a9","hash":"71c432067c45c5ee46f1bcbf7fb0942ef38d2d27"}
}
